<?xml version="1.0" encoding="UTF-8"?>
<coverage generated="1540437886230" clover="3.2.0">
  <project timestamp="1540437886230" name="All files">
    <metrics statements="41" coveredstatements="6" conditionals="53" coveredconditionals="5" methods="26" coveredmethods="3" elements="120" coveredelements="14" complexity="0" loc="41" ncloc="41" packages="2" files="5" classes="5">
      <package name="src">
        <metrics statements="36" coveredstatements="6" conditionals="51" coveredconditionals="5" methods="22" coveredmethods="3"/>
        <file name="App.js" path="/Users/kamal/Projects/curated-tv-and-film/main/src/App.js">
          <metrics statements="13" coveredstatements="5" conditionals="10" coveredconditionals="5" methods="5" coveredmethods="3"/>
          <line num="4" count="1" type="stmt"/>
          <line num="8" count="1" type="stmt"/>
          <line num="10" count="1" type="stmt"/>
          <line num="17" count="0" type="stmt"/>
          <line num="18" count="0" type="stmt"/>
          <line num="20" count="0" type="stmt"/>
          <line num="22" count="0" type="cond" truecount="0" falsecount="2"/>
          <line num="23" count="0" type="stmt"/>
          <line num="24" count="0" type="stmt"/>
          <line num="25" count="0" type="stmt"/>
          <line num="27" count="0" type="stmt"/>
          <line num="32" count="1" type="stmt"/>
          <line num="48" count="11" type="stmt"/>
        </file>
        <file name="content.js" path="/Users/kamal/Projects/curated-tv-and-film/main/src/content.js">
          <metrics statements="1" coveredstatements="1" conditionals="0" coveredconditionals="0" methods="0" coveredmethods="0"/>
          <line num="1" count="1" type="stmt"/>
        </file>
        <file name="index.js" path="/Users/kamal/Projects/curated-tv-and-film/main/src/index.js">
          <metrics statements="5" coveredstatements="0" conditionals="12" coveredconditionals="0" methods="2" coveredmethods="0"/>
          <line num="1" count="0" type="stmt"/>
          <line num="8" count="0" type="stmt"/>
          <line num="9" count="0" type="cond" truecount="0" falsecount="12"/>
          <line num="10" count="0" type="stmt"/>
          <line num="11" count="0" type="stmt"/>
        </file>
        <file name="serviceWorker.js" path="/Users/kamal/Projects/curated-tv-and-film/main/src/serviceWorker.js">
          <metrics statements="17" coveredstatements="0" conditionals="29" coveredconditionals="0" methods="15" coveredmethods="0"/>
          <line num="1" count="0" type="stmt"/>
          <line num="23" count="0" type="stmt"/>
          <line num="134" count="0" type="cond" truecount="0" falsecount="3"/>
          <line num="136" count="0" type="cond" truecount="0" falsecount="4"/>
          <line num="137" count="0" type="cond" truecount="0" falsecount="2"/>
          <line num="140" count="0" type="cond" truecount="0" falsecount="2"/>
          <line num="141" count="0" type="stmt"/>
          <line num="143" count="0" type="stmt"/>
          <line num="144" count="0" type="cond" truecount="0" falsecount="4"/>
          <line num="147" count="0" type="stmt"/>
          <line num="148" count="0" type="cond" truecount="0" falsecount="4"/>
          <line num="151" count="0" type="stmt"/>
          <line num="152" count="0" type="cond" truecount="0" falsecount="4"/>
          <line num="153" count="0" type="stmt"/>
          <line num="154" count="0" type="cond" truecount="0" falsecount="4"/>
          <line num="155" count="0" type="stmt"/>
          <line num="156" count="0" type="cond" truecount="0" falsecount="2"/>
        </file>
      </package>
      <package name="src.shared.polyfil">
        <metrics statements="5" coveredstatements="0" conditionals="2" coveredconditionals="0" methods="4" coveredmethods="0"/>
        <file name="index.js" path="/Users/kamal/Projects/curated-tv-and-film/main/src/shared/polyfil/index.js">
          <metrics statements="5" coveredstatements="0" conditionals="2" coveredconditionals="0" methods="4" coveredmethods="0"/>
          <line num="1" count="0" type="stmt"/>
          <line num="3" count="0" type="cond" truecount="0" falsecount="2"/>
          <line num="4" count="0" type="stmt"/>
          <line num="6" count="0" type="stmt"/>
          <line num="9" count="0" type="stmt"/>
        </file>
      </package>
    </metrics>
  </project>
</coverage>
