{"/Users/kamal/Projects/curated-tv-and-film/main/src/App.js": {"path":"/Users/kamal/Projects/curated-tv-and-film/main/src/App.js","statementMap":{"0":{"start":{"line":4,"column":11},"end":{"line":4,"column":18}},"1":{"start":{"line":8,"column":4},"end":{"line":8,"column":17}},"2":{"start":{"line":10,"column":4},"end":{"line":13,"column":6}},"3":{"start":{"line":17,"column":23},"end":{"line":17,"column":41}},"4":{"start":{"line":18,"column":4},"end":{"line":18,"column":50}},"5":{"start":{"line":20,"column":4},"end":{"line":20,"column":53}},"6":{"start":{"line":22,"column":4},"end":{"line":28,"column":5}},"7":{"start":{"line":23,"column":25},"end":{"line":24,"column":51}},"8":{"start":{"line":24,"column":8},"end":{"line":24,"column":50}},"9":{"start":{"line":25,"column":6},"end":{"line":25,"column":47}},"10":{"start":{"line":27,"column":6},"end":{"line":27,"column":39}},"11":{"start":{"line":32,"column":4},"end":{"line":87,"column":6}},"12":{"start":{"line":48,"column":20},"end":{"line":72,"column":22}}},"fnMap":{"0":{"name":"(anonymous_0)","decl":{"start":{"line":7,"column":2},"end":{"line":7,"column":3}},"loc":{"start":{"line":7,"column":21},"end":{"line":14,"column":3}},"line":7},"1":{"name":"(anonymous_1)","decl":{"start":{"line":16,"column":17},"end":{"line":16,"column":18}},"loc":{"start":{"line":16,"column":28},"end":{"line":29,"column":3}},"line":16},"2":{"name":"(anonymous_2)","decl":{"start":{"line":23,"column":51},"end":{"line":23,"column":52}},"loc":{"start":{"line":24,"column":8},"end":{"line":24,"column":50}},"line":24},"3":{"name":"(anonymous_3)","decl":{"start":{"line":31,"column":2},"end":{"line":31,"column":3}},"loc":{"start":{"line":31,"column":11},"end":{"line":88,"column":3}},"line":31},"4":{"name":"(anonymous_4)","decl":{"start":{"line":47,"column":42},"end":{"line":47,"column":43}},"loc":{"start":{"line":47,"column":59},"end":{"line":73,"column":19}},"line":47}},"branchMap":{"0":{"loc":{"start":{"line":22,"column":4},"end":{"line":28,"column":5}},"type":"if","locations":[{"start":{"line":22,"column":4},"end":{"line":28,"column":5}},{"start":{"line":22,"column":4},"end":{"line":28,"column":5}}],"line":22},"1":{"loc":{"start":{"line":45,"column":15},"end":{"line":81,"column":15}},"type":"cond-expr","locations":[{"start":{"line":46,"column":16},"end":{"line":74,"column":21}},{"start":{"line":76,"column":16},"end":{"line":80,"column":17}}],"line":45},"2":{"loc":{"start":{"line":57,"column":45},"end":{"line":57,"column":86}},"type":"cond-expr","locations":[{"start":{"line":57,"column":58},"end":{"line":57,"column":80}},{"start":{"line":57,"column":84},"end":{"line":57,"column":86}}],"line":57},"3":{"loc":{"start":{"line":58,"column":29},"end":{"line":63,"column":34}},"type":"binary-expr","locations":[{"start":{"line":58,"column":29},"end":{"line":58,"column":52}},{"start":{"line":59,"column":28},"end":{"line":63,"column":34}}],"line":58},"4":{"loc":{"start":{"line":76,"column":16},"end":{"line":80,"column":17}},"type":"cond-expr","locations":[{"start":{"line":77,"column":18},"end":{"line":77,"column":41}},{"start":{"line":79,"column":18},"end":{"line":79,"column":45}}],"line":76}},"s":{"0":1,"1":1,"2":1,"3":0,"4":0,"5":0,"6":0,"7":0,"8":0,"9":0,"10":0,"11":1,"12":11},"f":{"0":1,"1":0,"2":0,"3":1,"4":11},"b":{"0":[0,0],"1":[1,0],"2":[6,5],"3":[11,5],"4":[0,0]},"_coverageSchema":"332fd63041d2c1bcb487cc26dd0d5f7d97098a6c","hash":"5b6f396cc13c6ad64cf9cb2d1d6ac8e7db0b1144"}
,"/Users/kamal/Projects/curated-tv-and-film/main/src/content.js": {"path":"/Users/kamal/Projects/curated-tv-and-film/main/src/content.js","statementMap":{"0":{"start":{"line":1,"column":14},"end":{"line":111,"column":1}}},"fnMap":{},"branchMap":{},"s":{"0":1},"f":{},"b":{},"_coverageSchema":"332fd63041d2c1bcb487cc26dd0d5f7d97098a6c","hash":"a1c636a02a6d7dc47e85d074666b98182cdbab30"}
,"/Users/kamal/Projects/curated-tv-and-film/main/src/index.js": {"path":"/Users/kamal/Projects/curated-tv-and-film/main/src/index.js","statementMap":{"0":{"start":{"line":1,"column":32},"end":{"line":1,"column":93}},"1":{"start":{"line":8,"column":13},"end":{"line":8,"column":29}},"2":{"start":{"line":8,"column":44},"end":{"line":8,"column":74}},"3":{"start":{"line":8,"column":91},"end":{"line":8,"column":111}},"4":{"start":{"line":8,"column":129},"end":{"line":8,"column":162}},"5":{"start":{"line":8,"column":174},"end":{"line":8,"column":190}},"6":{"start":{"line":8,"column":203},"end":{"line":8,"column":231}},"7":{"start":{"line":8,"column":232},"end":{"line":8,"column":280}},"8":{"start":{"line":8,"column":301},"end":{"line":8,"column":327}},"9":{"start":{"line":8,"column":348},"end":{"line":8,"column":387}},"10":{"start":{"line":8,"column":388},"end":{"line":8,"column":416}},"11":{"start":{"line":8,"column":416},"end":{"line":8,"column":446}},"12":{"start":{"line":9,"column":0},"end":{"line":9,"column":28}},"13":{"start":{"line":9,"column":67},"end":{"line":9,"column":283}},"14":{"start":{"line":9,"column":95},"end":{"line":9,"column":106}},"15":{"start":{"line":9,"column":127},"end":{"line":9,"column":129}},"16":{"start":{"line":9,"column":130},"end":{"line":9,"column":247}},"17":{"start":{"line":9,"column":148},"end":{"line":9,"column":246}},"18":{"start":{"line":9,"column":170},"end":{"line":9,"column":245}},"19":{"start":{"line":9,"column":222},"end":{"line":9,"column":245}},"20":{"start":{"line":9,"column":247},"end":{"line":9,"column":268}},"21":{"start":{"line":9,"column":268},"end":{"line":9,"column":282}},"22":{"start":{"line":9,"column":322},"end":{"line":9,"column":376}},"23":{"start":{"line":10,"column":0},"end":{"line":10,"column":182}},"24":{"start":{"line":11,"column":0},"end":{"line":11,"column":27}}},"fnMap":{"0":{"name":"_interopRequireWildcard","decl":{"start":{"line":9,"column":37},"end":{"line":9,"column":60}},"loc":{"start":{"line":9,"column":66},"end":{"line":9,"column":284}},"line":9},"1":{"name":"_interopRequireDefault","decl":{"start":{"line":9,"column":293},"end":{"line":9,"column":315}},"loc":{"start":{"line":9,"column":321},"end":{"line":9,"column":377}},"line":9}},"branchMap":{"0":{"loc":{"start":{"line":9,"column":67},"end":{"line":9,"column":283}},"type":"if","locations":[{"start":{"line":9,"column":67},"end":{"line":9,"column":283}},{"start":{"line":9,"column":67},"end":{"line":9,"column":283}}],"line":9},"1":{"loc":{"start":{"line":9,"column":71},"end":{"line":9,"column":92}},"type":"binary-expr","locations":[{"start":{"line":9,"column":71},"end":{"line":9,"column":74}},{"start":{"line":9,"column":78},"end":{"line":9,"column":92}}],"line":9},"2":{"loc":{"start":{"line":9,"column":130},"end":{"line":9,"column":247}},"type":"if","locations":[{"start":{"line":9,"column":130},"end":{"line":9,"column":247}},{"start":{"line":9,"column":130},"end":{"line":9,"column":247}}],"line":9},"3":{"loc":{"start":{"line":9,"column":170},"end":{"line":9,"column":245}},"type":"if","locations":[{"start":{"line":9,"column":170},"end":{"line":9,"column":245}},{"start":{"line":9,"column":170},"end":{"line":9,"column":245}}],"line":9},"4":{"loc":{"start":{"line":9,"column":329},"end":{"line":9,"column":375}},"type":"cond-expr","locations":[{"start":{"line":9,"column":353},"end":{"line":9,"column":356}},{"start":{"line":9,"column":359},"end":{"line":9,"column":375}}],"line":9},"5":{"loc":{"start":{"line":9,"column":329},"end":{"line":9,"column":350}},"type":"binary-expr","locations":[{"start":{"line":9,"column":329},"end":{"line":9,"column":332}},{"start":{"line":9,"column":336},"end":{"line":9,"column":350}}],"line":9}},"s":{"0":0,"1":0,"2":0,"3":0,"4":0,"5":0,"6":0,"7":0,"8":0,"9":0,"10":0,"11":0,"12":0,"13":0,"14":0,"15":0,"16":0,"17":0,"18":0,"19":0,"20":0,"21":0,"22":0,"23":0,"24":0},"f":{"0":0,"1":0},"b":{"0":[0,0],"1":[0,0],"2":[0,0],"3":[0,0],"4":[0,0],"5":[0,0]}}
,"/Users/kamal/Projects/curated-tv-and-film/main/src/serviceWorker.js": {"path":"/Users/kamal/Projects/curated-tv-and-film/main/src/serviceWorker.js","statementMap":{"0":{"start":{"line":1,"column":13},"end":{"line":1,"column":75}},"1":{"start":{"line":1,"column":75},"end":{"line":23,"column":20}},"2":{"start":{"line":23,"column":20},"end":{"line":125,"column":24}},"3":{"start":{"line":134,"column":20},"end":{"line":136,"column":89}},"4":{"start":{"line":136,"column":117},"end":{"line":144,"column":44}},"5":{"start":{"line":137,"column":22},"end":{"line":137,"column":70}},"6":{"start":{"line":137,"column":71},"end":{"line":140,"column":14}},"7":{"start":{"line":140,"column":6},"end":{"line":140,"column":13}},"8":{"start":{"line":140,"column":14},"end":{"line":144,"column":43}},"9":{"start":{"line":140,"column":67},"end":{"line":140,"column":112}},"10":{"start":{"line":140,"column":113},"end":{"line":144,"column":40}},"11":{"start":{"line":141,"column":8},"end":{"line":141,"column":47}},"12":{"start":{"line":143,"column":8},"end":{"line":143,"column":178}},"13":{"start":{"line":143,"column":50},"end":{"line":143,"column":175}},"14":{"start":{"line":144,"column":8},"end":{"line":144,"column":39}},"15":{"start":{"line":144,"column":86},"end":{"line":152,"column":171}},"16":{"start":{"line":144,"column":148},"end":{"line":152,"column":83}},"17":{"start":{"line":144,"column":209},"end":{"line":144,"column":232}},"18":{"start":{"line":144,"column":233},"end":{"line":152,"column":81}},"19":{"start":{"line":144,"column":273},"end":{"line":152,"column":79}},"20":{"start":{"line":144,"column":318},"end":{"line":152,"column":78}},"21":{"start":{"line":147,"column":12},"end":{"line":147,"column":141}},"22":{"start":{"line":148,"column":12},"end":{"line":148,"column":75}},"23":{"start":{"line":148,"column":44},"end":{"line":148,"column":74}},"24":{"start":{"line":151,"column":12},"end":{"line":151,"column":62}},"25":{"start":{"line":152,"column":12},"end":{"line":152,"column":77}},"26":{"start":{"line":152,"column":45},"end":{"line":152,"column":76}},"27":{"start":{"line":152,"column":102},"end":{"line":152,"column":168}},"28":{"start":{"line":153,"column":2},"end":{"line":156,"column":134}},"29":{"start":{"line":154,"column":4},"end":{"line":156,"column":38}},"30":{"start":{"line":155,"column":6},"end":{"line":155,"column":127}},"31":{"start":{"line":155,"column":58},"end":{"line":155,"column":124}},"32":{"start":{"line":155,"column":96},"end":{"line":155,"column":121}},"33":{"start":{"line":156,"column":6},"end":{"line":156,"column":37}},"34":{"start":{"line":156,"column":54},"end":{"line":156,"column":131}},"35":{"start":{"line":156,"column":158},"end":{"line":156,"column":275}},"36":{"start":{"line":156,"column":193},"end":{"line":156,"column":274}},"37":{"start":{"line":156,"column":245},"end":{"line":156,"column":271}}},"fnMap":{"0":{"name":"register","decl":{"start":{"line":136,"column":99},"end":{"line":136,"column":107}},"loc":{"start":{"line":136,"column":116},"end":{"line":144,"column":45}},"line":136},"1":{"name":"(anonymous_1)","decl":{"start":{"line":140,"column":46},"end":{"line":140,"column":47}},"loc":{"start":{"line":140,"column":52},"end":{"line":144,"column":41}},"line":140},"2":{"name":"(anonymous_2)","decl":{"start":{"line":143,"column":43},"end":{"line":143,"column":44}},"loc":{"start":{"line":143,"column":49},"end":{"line":143,"column":176}},"line":143},"3":{"name":"registerValidSW","decl":{"start":{"line":144,"column":54},"end":{"line":144,"column":69}},"loc":{"start":{"line":144,"column":85},"end":{"line":152,"column":172}},"line":144},"4":{"name":"(anonymous_4)","decl":{"start":{"line":144,"column":131},"end":{"line":144,"column":132}},"loc":{"start":{"line":144,"column":147},"end":{"line":152,"column":84}},"line":144},"5":{"name":"(anonymous_5)","decl":{"start":{"line":144,"column":177},"end":{"line":144,"column":178}},"loc":{"start":{"line":144,"column":183},"end":{"line":152,"column":82}},"line":144},"6":{"name":"(anonymous_6)","decl":{"start":{"line":144,"column":266},"end":{"line":144,"column":267}},"loc":{"start":{"line":144,"column":272},"end":{"line":152,"column":80}},"line":144},"7":{"name":"(anonymous_7)","decl":{"start":{"line":152,"column":92},"end":{"line":152,"column":93}},"loc":{"start":{"line":152,"column":101},"end":{"line":152,"column":169}},"line":152},"8":{"name":"checkValidServiceWorker","decl":{"start":{"line":152,"column":181},"end":{"line":152,"column":204}},"loc":{"start":{"line":152,"column":220},"end":{"line":156,"column":135}},"line":152},"9":{"name":"(anonymous_9)","decl":{"start":{"line":153,"column":20},"end":{"line":153,"column":21}},"loc":{"start":{"line":153,"column":32},"end":{"line":156,"column":39}},"line":153},"10":{"name":"(anonymous_10)","decl":{"start":{"line":155,"column":41},"end":{"line":155,"column":42}},"loc":{"start":{"line":155,"column":57},"end":{"line":155,"column":125}},"line":155},"11":{"name":"(anonymous_11)","decl":{"start":{"line":155,"column":89},"end":{"line":155,"column":90}},"loc":{"start":{"line":155,"column":95},"end":{"line":155,"column":122}},"line":155},"12":{"name":"(anonymous_12)","decl":{"start":{"line":156,"column":47},"end":{"line":156,"column":48}},"loc":{"start":{"line":156,"column":53},"end":{"line":156,"column":132}},"line":156},"13":{"name":"unregister","decl":{"start":{"line":156,"column":144},"end":{"line":156,"column":154}},"loc":{"start":{"line":156,"column":157},"end":{"line":156,"column":276}},"line":156},"14":{"name":"(anonymous_14)","decl":{"start":{"line":156,"column":228},"end":{"line":156,"column":229}},"loc":{"start":{"line":156,"column":244},"end":{"line":156,"column":272}},"line":156}},"branchMap":{"0":{"loc":{"start":{"line":134,"column":28},"end":{"line":136,"column":88}},"type":"binary-expr","locations":[{"start":{"line":134,"column":28},"end":{"line":134,"column":68}},{"start":{"line":135,"column":0},"end":{"line":135,"column":36}},{"start":{"line":136,"column":0},"end":{"line":136,"column":88}}],"line":134},"1":{"loc":{"start":{"line":136,"column":117},"end":{"line":144,"column":44}},"type":"if","locations":[{"start":{"line":136,"column":117},"end":{"line":144,"column":44}},{"start":{"line":136,"column":117},"end":{"line":144,"column":44}}],"line":136},"2":{"loc":{"start":{"line":136,"column":121},"end":{"line":136,"column":190}},"type":"binary-expr","locations":[{"start":{"line":136,"column":121},"end":{"line":136,"column":158}},{"start":{"line":136,"column":162},"end":{"line":136,"column":190}}],"line":136},"3":{"loc":{"start":{"line":137,"column":71},"end":{"line":140,"column":14}},"type":"if","locations":[{"start":{"line":137,"column":71},"end":{"line":140,"column":14}},{"start":{"line":137,"column":71},"end":{"line":140,"column":14}}],"line":137},"4":{"loc":{"start":{"line":140,"column":113},"end":{"line":144,"column":40}},"type":"if","locations":[{"start":{"line":140,"column":113},"end":{"line":144,"column":40}},{"start":{"line":140,"column":113},"end":{"line":144,"column":40}}],"line":140},"5":{"loc":{"start":{"line":144,"column":273},"end":{"line":152,"column":79}},"type":"if","locations":[{"start":{"line":144,"column":273},"end":{"line":152,"column":79}},{"start":{"line":144,"column":273},"end":{"line":152,"column":79}}],"line":144},"6":{"loc":{"start":{"line":144,"column":318},"end":{"line":152,"column":78}},"type":"if","locations":[{"start":{"line":144,"column":318},"end":{"line":152,"column":78}},{"start":{"line":144,"column":318},"end":{"line":152,"column":78}}],"line":144},"7":{"loc":{"start":{"line":148,"column":12},"end":{"line":148,"column":75}},"type":"if","locations":[{"start":{"line":148,"column":12},"end":{"line":148,"column":75}},{"start":{"line":148,"column":12},"end":{"line":148,"column":75}}],"line":148},"8":{"loc":{"start":{"line":148,"column":16},"end":{"line":148,"column":41}},"type":"binary-expr","locations":[{"start":{"line":148,"column":16},"end":{"line":148,"column":22}},{"start":{"line":148,"column":26},"end":{"line":148,"column":41}}],"line":148},"9":{"loc":{"start":{"line":152,"column":12},"end":{"line":152,"column":77}},"type":"if","locations":[{"start":{"line":152,"column":12},"end":{"line":152,"column":77}},{"start":{"line":152,"column":12},"end":{"line":152,"column":77}}],"line":152},"10":{"loc":{"start":{"line":152,"column":16},"end":{"line":152,"column":42}},"type":"binary-expr","locations":[{"start":{"line":152,"column":16},"end":{"line":152,"column":22}},{"start":{"line":152,"column":26},"end":{"line":152,"column":42}}],"line":152},"11":{"loc":{"start":{"line":154,"column":4},"end":{"line":156,"column":38}},"type":"if","locations":[{"start":{"line":154,"column":4},"end":{"line":156,"column":38}},{"start":{"line":154,"column":4},"end":{"line":156,"column":38}}],"line":154},"12":{"loc":{"start":{"line":154,"column":8},"end":{"line":154,"column":100}},"type":"binary-expr","locations":[{"start":{"line":154,"column":8},"end":{"line":154,"column":31}},{"start":{"line":154,"column":35},"end":{"line":154,"column":100}}],"line":154},"13":{"loc":{"start":{"line":156,"column":158},"end":{"line":156,"column":275}},"type":"if","locations":[{"start":{"line":156,"column":158},"end":{"line":156,"column":275}},{"start":{"line":156,"column":158},"end":{"line":156,"column":275}}],"line":156}},"s":{"0":0,"1":0,"2":0,"3":0,"4":0,"5":0,"6":0,"7":0,"8":0,"9":0,"10":0,"11":0,"12":0,"13":0,"14":0,"15":0,"16":0,"17":0,"18":0,"19":0,"20":0,"21":0,"22":0,"23":0,"24":0,"25":0,"26":0,"27":0,"28":0,"29":0,"30":0,"31":0,"32":0,"33":0,"34":0,"35":0,"36":0,"37":0},"f":{"0":0,"1":0,"2":0,"3":0,"4":0,"5":0,"6":0,"7":0,"8":0,"9":0,"10":0,"11":0,"12":0,"13":0,"14":0},"b":{"0":[0,0,0],"1":[0,0],"2":[0,0],"3":[0,0],"4":[0,0],"5":[0,0],"6":[0,0],"7":[0,0],"8":[0,0],"9":[0,0],"10":[0,0],"11":[0,0],"12":[0,0],"13":[0,0]}}
,"/Users/kamal/Projects/curated-tv-and-film/main/src/shared/polyfil/index.js": {"path":"/Users/kamal/Projects/curated-tv-and-film/main/src/shared/polyfil/index.js","statementMap":{"0":{"start":{"line":1,"column":13},"end":{"line":12,"column":5}},"1":{"start":{"line":3,"column":2},"end":{"line":11,"column":3}},"2":{"start":{"line":4,"column":4},"end":{"line":10,"column":7}},"3":{"start":{"line":4,"column":33},"end":{"line":4,"column":65}},"4":{"start":{"line":6,"column":6},"end":{"line":6,"column":59}},"5":{"start":{"line":9,"column":6},"end":{"line":9,"column":65}}},"fnMap":{"0":{"name":"IntersectionObserverPollyfil","decl":{"start":{"line":2,"column":9},"end":{"line":2,"column":37}},"loc":{"start":{"line":2,"column":40},"end":{"line":12,"column":1}},"line":2},"1":{"name":"(anonymous_1)","decl":{"start":{"line":4,"column":27},"end":{"line":4,"column":28}},"loc":{"start":{"line":4,"column":33},"end":{"line":4,"column":65}},"line":4},"2":{"name":"(anonymous_2)","decl":{"start":{"line":5,"column":9},"end":{"line":5,"column":10}},"loc":{"start":{"line":5,"column":19},"end":{"line":7,"column":5}},"line":5},"3":{"name":"(anonymous_3)","decl":{"start":{"line":8,"column":10},"end":{"line":8,"column":11}},"loc":{"start":{"line":8,"column":17},"end":{"line":10,"column":5}},"line":8}},"branchMap":{"0":{"loc":{"start":{"line":3,"column":2},"end":{"line":11,"column":3}},"type":"if","locations":[{"start":{"line":3,"column":2},"end":{"line":11,"column":3}},{"start":{"line":3,"column":2},"end":{"line":11,"column":3}}],"line":3}},"s":{"0":0,"1":0,"2":0,"3":0,"4":0,"5":0},"f":{"0":0,"1":0,"2":0,"3":0},"b":{"0":[0,0]}}
}
